2025-02-10 13:25:38 - Starting UnionpayApplication using Java 17.0.13 with PID 20128 (C:\Users\QBANG3\IdeaProjects\oqms-qr-road\module-unionpay\out\production\classes started by QBANG3 in C:\Users\QBANG3\IdeaProjects\oqms-qr-road)
2025-02-10 13:25:38 - Running with Spring Boot v3.4.1, Spring v6.2.1
2025-02-10 13:25:38 - No active profile set, falling back to 1 default profile: "default"
2025-02-10 13:25:39 - Bootstrapping Spring Data JPA repositories in DEFAULT mode.
2025-02-10 13:25:39 - Finished Spring Data repository scanning in 49 ms. Found 0 JPA repository interfaces.
2025-02-10 13:25:39 - Tomcat initialized with port 8080 (http)
2025-02-10 13:25:39 - Starting service [Tomcat]
2025-02-10 13:25:39 - Starting Servlet engine: [Apache Tomcat/10.1.34]
2025-02-10 13:25:39 - Initializing Spring embedded WebApplicationContext
2025-02-10 13:25:39 - Root WebApplicationContext: initialization completed in 1277 ms
2025-02-10 13:25:39 - Exception encountered during context initialization - cancelling refresh attempt: org.springframework.beans.factory.BeanCreationException: Error creating bean with name 'entityManagerFactory' defined in class path resource [org/springframework/boot/autoconfigure/orm/jpa/HibernateJpaConfiguration.class]: Failed to initialize dependency 'dataSourceScriptDatabaseInitializer' of LoadTimeWeaverAware bean 'entityManagerFactory': Error creating bean with name 'dataSourceScriptDatabaseInitializer' defined in class path resource [org/springframework/boot/autoconfigure/sql/init/DataSourceInitializationConfiguration.class]: Unsatisfied dependency expressed through method 'dataSourceScriptDatabaseInitializer' parameter 0: Error creating bean with name 'dataSource' defined in class path resource [org/springframework/boot/autoconfigure/jdbc/DataSourceConfiguration$Hikari.class]: Failed to instantiate [com.zaxxer.hikari.HikariDataSource]: Factory method 'dataSource' threw exception with message: Failed to determine a suitable driver class
2025-02-10 13:25:39 - Stopping service [Tomcat]
2025-02-10 13:25:39 - 

Error starting ApplicationContext. To display the condition evaluation report re-run your application with 'debug' enabled.
2025-02-10 13:25:39 - 

***************************
APPLICATION FAILED TO START
***************************

Description:

Failed to configure a DataSource: 'url' attribute is not specified and no embedded datasource could be configured.

Reason: Failed to determine a suitable driver class


Action:

Consider the following:
	If you want an embedded database (H2, HSQL or Derby), please put it on the classpath.
	If you have database settings to be loaded from a particular profile you may need to activate it (no profiles are currently active).

2025-02-10 13:27:13 - Starting UnionpayApplication using Java 17.0.13 with PID 9796 (C:\Users\QBANG3\IdeaProjects\oqms-qr-road\module-unionpay\out\production\classes started by QBANG3 in C:\Users\QBANG3\IdeaProjects\oqms-qr-road)
2025-02-10 13:27:13 - Running with Spring Boot v3.4.1, Spring v6.2.1
2025-02-10 13:27:13 - No active profile set, falling back to 1 default profile: "default"
2025-02-10 13:27:13 - Bootstrapping Spring Data JPA repositories in DEFAULT mode.
2025-02-10 13:27:13 - Finished Spring Data repository scanning in 46 ms. Found 0 JPA repository interfaces.
2025-02-10 13:27:14 - Tomcat initialized with port 8080 (http)
2025-02-10 13:27:14 - Starting service [Tomcat]
2025-02-10 13:27:14 - Starting Servlet engine: [Apache Tomcat/10.1.34]
2025-02-10 13:27:14 - Initializing Spring embedded WebApplicationContext
2025-02-10 13:27:14 - Root WebApplicationContext: initialization completed in 1174 ms
2025-02-10 13:27:14 - Exception encountered during context initialization - cancelling refresh attempt: org.springframework.beans.factory.BeanCreationException: Error creating bean with name 'entityManagerFactory' defined in class path resource [org/springframework/boot/autoconfigure/orm/jpa/HibernateJpaConfiguration.class]: Failed to initialize dependency 'dataSourceScriptDatabaseInitializer' of LoadTimeWeaverAware bean 'entityManagerFactory': Error creating bean with name 'dataSourceScriptDatabaseInitializer' defined in class path resource [org/springframework/boot/autoconfigure/sql/init/DataSourceInitializationConfiguration.class]: Unsatisfied dependency expressed through method 'dataSourceScriptDatabaseInitializer' parameter 0: Error creating bean with name 'dataSource' defined in class path resource [org/springframework/boot/autoconfigure/jdbc/DataSourceConfiguration$Hikari.class]: Failed to instantiate [com.zaxxer.hikari.HikariDataSource]: Factory method 'dataSource' threw exception with message: Failed to determine a suitable driver class
2025-02-10 13:27:14 - Stopping service [Tomcat]
2025-02-10 13:27:14 - 

Error starting ApplicationContext. To display the condition evaluation report re-run your application with 'debug' enabled.
2025-02-10 13:27:14 - 

***************************
APPLICATION FAILED TO START
***************************

Description:

Failed to configure a DataSource: 'url' attribute is not specified and no embedded datasource could be configured.

Reason: Failed to determine a suitable driver class


Action:

Consider the following:
	If you want an embedded database (H2, HSQL or Derby), please put it on the classpath.
	If you have database settings to be loaded from a particular profile you may need to activate it (no profiles are currently active).

